<?xml version="1.0" encoding="UTF-8"?>
<!-- Generated by org.testng.reporters.JUnitReportReporter -->
<testsuite hostname="DESKTOP-7R46V5R" failures="0" tests="19" name="api.Editor_Data" time="23.805" errors="0" timestamp="2024-12-12T17:49:11 IST" skipped="0">
  <testcase classname="api.Editor_Data" name="get_code_to_editor_backtest_Allocation_percentage_plot" time="1.763"/>
  <testcase classname="api.Editor_Data" name="put_save_code_db_Allocation_percentage_plot" time="1.329"/>
  <testcase classname="api.Editor_Data" name="put_save_code_db_Monthly_pnl_heatmap" time="1.337"/>
  <testcase classname="api.Editor_Data" name="get_code_to_editor_backtest_Monthly_pnl_heatmap" time="1.334"/>
  <testcase classname="api.Editor_Data" name="Get_CodeToEditor_asset_performance" time="0.556"/>
  <testcase classname="api.Editor_Data" name="postUserLogin" time="1.162"/>
  <testcase classname="api.Editor_Data" name="Get_CodeToEditor_portfolio_growth" time="0.493"/>
  <testcase classname="api.Editor_Data" name="get_code_to_editor_backtest_Monthly_heatmap" time="1.328"/>
  <testcase classname="api.Editor_Data" name="put_save_code_db_Drawdown_graph" time="1.756"/>
  <testcase classname="api.Editor_Data" name="get_shareReport" time="1.354"/>
  <testcase classname="api.Editor_Data" name="Get_CodeToEditor_portfolio_distribution" time="1.551"/>
  <testcase classname="api.Editor_Data" name="put_save_code_db_Portfolio_growth_plot" time="1.396"/>
  <testcase classname="api.Editor_Data" name="get_code_to_editor_backtest_Portfolio_growth_plot" time="1.351"/>
  <testcase classname="api.Editor_Data" name="get_shareReportfile" time="1.256"/>
  <testcase classname="api.Editor_Data" name="get_code_to_editor_backtest_Portfolio_allocation_plot_mtm" time="1.331"/>
  <testcase classname="api.Editor_Data" name="put_save_code_db_Monthly_heatmap" time="1.303"/>
  <testcase classname="api.Editor_Data" name="put_save_code_db_Portfolio_allocation_plot_mtm" time="1.315"/>
  <testcase classname="api.Editor_Data" name="Get_CodeToEditor_portfolio_drawdown" time="0.546"/>
  <testcase classname="api.Editor_Data" name="get_code_to_editor_backtest_Drawdown_graph" time="1.344"/>
</testsuite> <!-- api.Editor_Data -->
