<?xml version="1.0" encoding="UTF-8"?>
<!-- Generated by org.testng.reporters.JUnitReportReporter -->
<testsuite hostname="DESKTOP-4N84MDJ" failures="0" tests="4" name="day1.HTTPRequests" time="5.743" errors="0" timestamp="2024-07-26T18:27:47 IST" skipped="0">
  <testcase classname="day1.HTTPRequests" name="getAllUser" time="3.810"/>
  <testcase classname="day1.HTTPRequests" name="getcreatedUserId" time="0.816"/>
  <testcase classname="day1.HTTPRequests" name="UpdateUser" time="0.428"/>
  <testcase classname="day1.HTTPRequests" name="deleteUser" time="0.689"/>
</testsuite> <!-- day1.HTTPRequests -->
