<?xml version="1.0" encoding="UTF-8"?>
<!-- Generated by org.testng.reporters.JUnitReportReporter -->
<testsuite hostname="DESKTOP-7R46V5R" failures="0" tests="38" name="day1.New1" time="439.682" errors="0" timestamp="2024-12-12T16:30:40 IST" skipped="0">
  <testcase classname="day1.New1" name="get_code_to_editor_backtest_Allocation_percentage_plot" time="1.786"/>
  <testcase classname="day1.New1" name="get_code_to_editor_backtest_Portfolio_allocation_plot_mtm" time="1.805"/>
  <testcase classname="day1.New1" name="updateUser" time="1.105"/>
  <testcase classname="day1.New1" name="put_save_code_db_Drawdown_graph" time="1.352"/>
  <testcase classname="day1.New1" name="Get_CodeToEditor_portfolio_drawdown" time="0.488"/>
  <testcase classname="day1.New1" name="get_shareReport" time="1.405"/>
  <testcase classname="day1.New1" name="get_code_to_editor_backtest_Monthly_pnl_heatmap" time="1.664"/>
  <testcase classname="day1.New1" name="postUserCreate" time="3.651"/>
  <testcase classname="day1.New1" name="poststore_prices_coinapi" time="2.722"/>
  <testcase classname="day1.New1" name="poststore_prices_coinpaprika" time="4.052"/>
  <testcase classname="day1.New1" name="put_save_code_db_Allocation_percentage_plot" time="1.797"/>
  <testcase classname="day1.New1" name="put_save_code_db_Portfolio_growth_plot" time="1.336"/>
  <testcase classname="day1.New1" name="get_code_to_editor_backtest_Drawdown_graph" time="1.384"/>
  <testcase classname="day1.New1" name="getPortfolio_Growth_PlotGraph" time="11.206"/>
  <testcase classname="day1.New1" name="getAllocation_Percentage_PlotGraph" time="9.802"/>
  <testcase classname="day1.New1" name="getPortfolioDrawdownGraph" time="2.890"/>
  <testcase classname="day1.New1" name="get_code_to_editor_backtest_Monthly_heatmap" time="1.604"/>
  <testcase classname="day1.New1" name="Get_CodeToEditor_portfolio_growth" time="0.935"/>
  <testcase classname="day1.New1" name="getDrawdown_Graph" time="9.418"/>
  <testcase classname="day1.New1" name="getPortfolio_Allocation_Plot_mtmGraph" time="11.450"/>
  <testcase classname="day1.New1" name="getMonthly_Pnl_HeatmapGraph" time="9.894"/>
  <testcase classname="day1.New1" name="getMonthly_HeatmapGraph" time="9.891"/>
  <testcase classname="day1.New1" name="put_save_code_db_Monthly_heatmap" time="1.337"/>
  <testcase classname="day1.New1" name="postUserLogin" time="1.743"/>
  <testcase classname="day1.New1" name="poststore_prices_binance" time="0.782"/>
  <testcase classname="day1.New1" name="logoutUser" time="0.492"/>
  <testcase classname="day1.New1" name="Get_CodeToEditor_portfolio_distribution" time="1.117"/>
  <testcase classname="day1.New1" name="getPortfolioportfolioDistributionGraph" time="1.998"/>
  <testcase classname="day1.New1" name="getportfolioGrowthGraph" time="4.802"/>
  <testcase classname="day1.New1" name="get_code_to_editor_backtest_Portfolio_growth_plot" time="1.354"/>
  <testcase classname="day1.New1" name="getAssetPerfomanceGraph" time="2.161"/>
  <testcase classname="day1.New1" name="put_save_code_db_Monthly_pnl_heatmap" time="1.337"/>
  <testcase classname="day1.New1" name="Get_CodeToEditor_asset_performance" time="0.485"/>
  <testcase classname="day1.New1" name="get_shareReportfile" time="1.159"/>
  <testcase classname="day1.New1" name="put_save_code_db_Portfolio_allocation_plot_mtm" time="1.774"/>
  <testcase classname="day1.New1" name="uploadFile" time="2.185"/>
  <testcase classname="day1.New1" name="poststore_prices_coingecko" time="324.204"/>
  <testcase classname="day1.New1" name="getAllUserList" time="1.115"/>
</testsuite> <!-- day1.New1 -->
