<?xml version="1.0" encoding="UTF-8"?>
<!-- Generated by org.testng.reporters.JUnitReportReporter -->
<testsuite hostname="DESKTOP-7R46V5R" failures="0" tests="5" name="api.CornJob" time="65.217" errors="0" timestamp="2024-12-12T17:49:11 IST" skipped="0">
  <testcase classname="api.CornJob" name="poststore_prices_coinapi" time="3.509"/>
  <testcase classname="api.CornJob" name="poststore_prices_coinpaprika" time="2.327"/>
  <testcase classname="api.CornJob" name="poststore_prices_binance" time="0.740"/>
  <testcase classname="api.CornJob" name="poststore_prices_coingecko" time="54.921"/>
  <testcase classname="api.CornJob" name="postUserLogin" time="3.720"/>
</testsuite> <!-- api.CornJob -->
