<?xml version="1.0" encoding="UTF-8"?>
<!-- Generated by org.testng.reporters.JUnitReportReporter -->
<testsuite hostname="DESKTOP-7R46V5R" failures="0" tests="12" name="api.Portfolio" time="71.960" errors="0" timestamp="2024-12-12T17:49:11 IST" skipped="0">
  <testcase classname="api.Portfolio" name="uploadFile" time="2.137"/>
  <testcase classname="api.Portfolio" name="getportfolioGrowthGraph" time="3.267"/>
  <testcase classname="api.Portfolio" name="getPortfolio_Growth_PlotGraph" time="9.503"/>
  <testcase classname="api.Portfolio" name="getPortfolioportfolioDistributionGraph" time="2.069"/>
  <testcase classname="api.Portfolio" name="getMonthly_Pnl_HeatmapGraph" time="9.505"/>
  <testcase classname="api.Portfolio" name="getPortfolioDrawdownGraph" time="2.901"/>
  <testcase classname="api.Portfolio" name="getDrawdown_Graph" time="9.841"/>
  <testcase classname="api.Portfolio" name="getPortfolio_Allocation_Plot_mtmGraph" time="9.281"/>
  <testcase classname="api.Portfolio" name="getAllocation_Percentage_PlotGraph" time="9.869"/>
  <testcase classname="api.Portfolio" name="postUserLogin" time="1.545"/>
  <testcase classname="api.Portfolio" name="getMonthly_HeatmapGraph" time="9.076"/>
  <testcase classname="api.Portfolio" name="getAssetPerfomanceGraph" time="2.966"/>
</testsuite> <!-- api.Portfolio -->
