<?xml version="1.0" encoding="UTF-8"?>
<!-- Generated by org.testng.reporters.JUnitReportReporter -->
<testsuite hostname="DESKTOP-7R46V5R" failures="0" tests="1" name="api.User" time="3.593" errors="0" timestamp="2024-12-16T09:49:23 IST" skipped="0">
  <testcase classname="api.User" name="postUserLogin_UnSuccessful2" time="3.593"/>
</testsuite> <!-- api.User -->
